Using pre-set license
Built from '2021.1/staging' branch; Version is '2021.1.2f1 (e5d502d80fbb) revision 15062274'; Using compiler version '192528614'; Build Type 'Release'
OS: 'Windows 10 Home; OS build 19041.867; Version 2004; 64bit' Language: 'en' Physical Memory: 16166 MB
BatchMode: 1, IsHumanControllingUs: 0, StartBugReporterOnCrash: 0, Is64bit: 1, IsPro: 0

 COMMAND LINE ARGUMENTS:
C:\Program Files\Unity\Hub\Editor\2021.1.2f1\Editor\Unity.exe
-adb2
-batchMode
-noUpm
-name
AssetImportWorker0
-projectPath
C:/Users/gmfk0/Documents/Unity Projects/Toys and Monsters
-logFile
Logs/AssetImportWorker0.log
-srvPort
52320
Successfully changed project path to: C:/Users/gmfk0/Documents/Unity Projects/Toys and Monsters
C:/Users/gmfk0/Documents/Unity Projects/Toys and Monsters
Using Asset Import Pipeline V2.
Refreshing native plugins compatible for Editor in 73.82 ms, found 10 plugins.
Preloading 2 native plugins for Editor in 1.32 ms.
Initialize engine version: 2021.1.2f1 (e5d502d80fbb)
[Subsystems] Discovering subsystems at path C:/Program Files/Unity/Hub/Editor/2021.1.2f1/Editor/Data/Resources/UnitySubsystems
[Subsystems] Discovering subsystems at path C:/Users/gmfk0/Documents/Unity Projects/Toys and Monsters/Assets
GfxDevice: creating device client; threaded=0; jobified=0
Direct3D:
    Version:  Direct3D 11.0 [level 11.1]
    Renderer: NVIDIA GeForce RTX 2070 with Max-Q Design (ID=0x1f14)
    Vendor:   NVIDIA
    VRAM:     8031 MB
    Driver:   27.21.14.5167
Shader 'Universal Render Pipeline/Particles/Lit': fallback shader 'Universal Render Pipeline/Particles/SimpleLit' not found
Initialize mono
Mono path[0] = 'C:/Program Files/Unity/Hub/Editor/2021.1.2f1/Editor/Data/Managed'
Mono path[1] = 'C:/Program Files/Unity/Hub/Editor/2021.1.2f1/Editor/Data/MonoBleedingEdge/lib/mono/unityjit'
Mono config path = 'C:/Program Files/Unity/Hub/Editor/2021.1.2f1/Editor/Data/MonoBleedingEdge/etc'
Using monoOptions --debugger-agent=transport=dt_socket,embedding=1,server=y,suspend=n,address=127.0.0.1:56608
Begin MonoManager ReloadAssembly
Registering precompiled unity dll's ...
Register platform support module: C:/Program Files/Unity/Hub/Editor/2021.1.2f1/Editor/Data/PlaybackEngines/WindowsStandaloneSupport/UnityEditor.WindowsStandalone.Extensions.dll
Registered in 0.001740 seconds.
Native extension for WindowsStandalone target not found
Refreshing native plugins compatible for Editor in 78.31 ms, found 10 plugins.
Preloading 2 native plugins for Editor in 0.21 ms.
Mono: successfully reloaded assembly
- Completed reload, in  1.393 seconds
Platform modules already initialized, skipping
Registering precompiled user dll's ...
Registered in 0.006347 seconds.
Begin MonoManager ReloadAssembly
Native extension for WindowsStandalone target not found
Refreshing native plugins compatible for Editor in 72.67 ms, found 10 plugins.
Preloading 2 native plugins for Editor in 0.24 ms.
[XR] OculusXRPlugin: registering subsystems
[XR] Unable to register display lifecyle provider: [1]
[XR] Oculus Input lifecycle provider registered.
[XR] Unable to register input lifecyle provider: [1]
[XR] OVRP version 1.59.0
Mono: successfully reloaded assembly
- Completed reload, in  1.318 seconds
Platform modules already initialized, skipping
========================================================================
Worker process is ready to serve import requests
Shader 'Universal Render Pipeline/Particles/Lit': fallback shader 'Universal Render Pipeline/Particles/SimpleLit' not found
Launched and connected shader compiler UnityShaderCompiler.exe after 0.05 seconds
Refreshing native plugins compatible for Editor in 0.94 ms, found 10 plugins.
Preloading 2 native plugins for Editor in 0.15 ms.
Unloading 3139 Unused Serialized files (Serialized files now loaded: 0)
System memory in use before: 137.7 MB.
System memory in use after: 137.9 MB.

Unloading 17 unused Assets to reduce memory usage. Loaded Objects now: 3601.
Total: 2.913300 ms (FindLiveObjects: 0.353800 ms CreateObjectMapping: 0.197800 ms MarkObjects: 2.266700 ms  DeleteObjects: 0.093900 ms)

========================================================================
Received Import Request.
  path: Assets/Oculus/Oculus Hands/Prefabs
  artifactKey: Guid(176a87d49f06d4340bf832ac8e2f5df5) Importer(815301076,1909f56bfc062723c751e8b465ee728b)
Start importing Assets/Oculus/Oculus Hands/Prefabs using Guid(176a87d49f06d4340bf832ac8e2f5df5) Importer(815301076,1909f56bfc062723c751e8b465ee728b)  -> (artifact id: '05e2de09fbaed1593c255fffcef2548b') in 0.009720 seconds 
========================================================================
Received Prepare
Registering precompiled user dll's ...
Registered in 0.007437 seconds.
Begin MonoManager ReloadAssembly
Native extension for WindowsStandalone target not found
Refreshing native plugins compatible for Editor in 1.31 ms, found 10 plugins.
Preloading 2 native plugins for Editor in 0.18 ms.
Mono: successfully reloaded assembly
- Completed reload, in  1.240 seconds
Platform modules already initialized, skipping
Shader 'Universal Render Pipeline/Particles/Lit': fallback shader 'Universal Render Pipeline/Particles/SimpleLit' not found
Refreshing native plugins compatible for Editor in 0.87 ms, found 10 plugins.
Preloading 2 native plugins for Editor in 0.15 ms.
Unloading 3042 Unused Serialized files (Serialized files now loaded: 0)
System memory in use before: 131.3 MB.
System memory in use after: 131.5 MB.

Unloading 10 unused Assets to reduce memory usage. Loaded Objects now: 3605.
Total: 3.878200 ms (FindLiveObjects: 0.489200 ms CreateObjectMapping: 0.314000 ms MarkObjects: 3.016300 ms  DeleteObjects: 0.056800 ms)

========================================================================
Received Import Request.
  Time since last request: 44.779708 seconds.
  path: Assets/Oculus/Oculus Hands/Materials/Hands_solid.mat
  artifactKey: Guid(3637b758ff163493f8bb8b6d7e96d7ae) Importer(815301076,1909f56bfc062723c751e8b465ee728b)
Start importing Assets/Oculus/Oculus Hands/Materials/Hands_solid.mat using Guid(3637b758ff163493f8bb8b6d7e96d7ae) Importer(815301076,1909f56bfc062723c751e8b465ee728b)  -> (artifact id: '87ba0b6242127a2110b61b604c88d3e9') in 0.114352 seconds 
========================================================================
Received Import Request.
  Time since last request: 67.108725 seconds.
  path: Assets
  artifactKey: Guid(00000000000000001000000000000000) Importer(815301076,1909f56bfc062723c751e8b465ee728b)
Start importing Assets using Guid(00000000000000001000000000000000) Importer(815301076,1909f56bfc062723c751e8b465ee728b)  -> (artifact id: 'f377b03fc9744b367bc578c7575a6a47') in 0.007107 seconds 
========================================================================
Received Import Request.
  Time since last request: 14.670120 seconds.
  path: Assets/URP.asset
  artifactKey: Guid(418f90cd7f193d244a5db74e3c718eb5) Importer(815301076,1909f56bfc062723c751e8b465ee728b)
Start importing Assets/URP.asset using Guid(418f90cd7f193d244a5db74e3c718eb5) Importer(815301076,1909f56bfc062723c751e8b465ee728b)  -> (artifact id: '5ec355d6d482c85991bfd49a445186d5') in 0.022344 seconds 
========================================================================
Received Import Request.
  Time since last request: 0.000166 seconds.
  path: Assets/URP_Renderer.asset
  artifactKey: Guid(18f132f351e0af740bd758d529a4b6cc) Importer(815301076,1909f56bfc062723c751e8b465ee728b)
Start importing Assets/URP_Renderer.asset using Guid(18f132f351e0af740bd758d529a4b6cc) Importer(815301076,1909f56bfc062723c751e8b465ee728b)  -> (artifact id: '1527b209a1acfaafd473cfa61c2a25e3') in 0.007007 seconds 
========================================================================
Received Prepare
Switching render pipeline 00000000000000000000000000000000 -> 418f90cd7f193d244a5db74e3c718eb5
Shader 'Universal Render Pipeline/Particles/Lit': fallback shader 'Universal Render Pipeline/Particles/SimpleLit' not found
Refreshing native plugins compatible for Editor in 2.69 ms, found 10 plugins.
Preloading 2 native plugins for Editor in 0.19 ms.
Unloading 10 Unused Serialized files (Serialized files now loaded: 0)
System memory in use before: 75.4 MB.
System memory in use after: 75.6 MB.

Unloading 7 unused Assets to reduce memory usage. Loaded Objects now: 3648.
Total: 5.053600 ms (FindLiveObjects: 0.584500 ms CreateObjectMapping: 0.372100 ms MarkObjects: 4.023000 ms  DeleteObjects: 0.072400 ms)

========================================================================
Received Import Request.
  Time since last request: 28.907769 seconds.
  path: Assets/URP.asset
  artifactKey: Guid(418f90cd7f193d244a5db74e3c718eb5) Importer(815301076,1909f56bfc062723c751e8b465ee728b)
Start importing Assets/URP.asset using Guid(418f90cd7f193d244a5db74e3c718eb5) Importer(815301076,1909f56bfc062723c751e8b465ee728b)  -> (artifact id: '9130c089569bdbb27e893de26e249c48') in 0.005652 seconds 
========================================================================
Received Import Request.
  Time since last request: 0.000216 seconds.
  path: Assets/URP_Renderer.asset
  artifactKey: Guid(18f132f351e0af740bd758d529a4b6cc) Importer(815301076,1909f56bfc062723c751e8b465ee728b)
Start importing Assets/URP_Renderer.asset using Guid(18f132f351e0af740bd758d529a4b6cc) Importer(815301076,1909f56bfc062723c751e8b465ee728b)  -> (artifact id: 'a2a65b2d6300d5bef9ac18ecabea0d6b') in 0.003364 seconds 
========================================================================
Received Import Request.
  Time since last request: 4.153898 seconds.
  path: Assets/Oculus/Oculus Hands/Animations/l_hand_default_anim.fbx
  artifactKey: Guid(1ae9aefe37a62de429ddc2edd1ca36f3) Importer(815301076,1909f56bfc062723c751e8b465ee728b)
Start importing Assets/Oculus/Oculus Hands/Animations/l_hand_default_anim.fbx using Guid(1ae9aefe37a62de429ddc2edd1ca36f3) Importer(815301076,1909f56bfc062723c751e8b465ee728b)  -> (artifact id: 'ed180dc7a7bee8d5f69b5661a02e4165') in 0.018748 seconds 
========================================================================
Received Import Request.
  Time since last request: 0.000220 seconds.
  path: Assets/Oculus/Oculus Hands/Animations/r_hand_default_anim.fbx
  artifactKey: Guid(b6c38558987444240b3b3950e4450b77) Importer(815301076,1909f56bfc062723c751e8b465ee728b)
Start importing Assets/Oculus/Oculus Hands/Animations/r_hand_default_anim.fbx using Guid(b6c38558987444240b3b3950e4450b77) Importer(815301076,1909f56bfc062723c751e8b465ee728b)  -> (artifact id: '6a5634e989e2fa1f4750556e54d859fe') in 0.011090 seconds 
========================================================================
Received Import Request.
  Time since last request: 0.000261 seconds.
  path: Assets/Oculus/Oculus Hands/Animations/l_hand_fist_anim.fbx
  artifactKey: Guid(7cb2e1480bb51ce4282f540ea3f41d4f) Importer(815301076,1909f56bfc062723c751e8b465ee728b)
Start importing Assets/Oculus/Oculus Hands/Animations/l_hand_fist_anim.fbx using Guid(7cb2e1480bb51ce4282f540ea3f41d4f) Importer(815301076,1909f56bfc062723c751e8b465ee728b)  -> (artifact id: '327c5c7173ff12ea19eda7dc54df5145') in 0.009352 seconds 
========================================================================
Received Import Request.
  Time since last request: 0.000196 seconds.
  path: Assets/Oculus/Oculus Hands/Animations/r_hand_pinch_anim.fbx
  artifactKey: Guid(165871bb4fa915847973b6955c7a670d) Importer(815301076,1909f56bfc062723c751e8b465ee728b)
Start importing Assets/Oculus/Oculus Hands/Animations/r_hand_pinch_anim.fbx using Guid(165871bb4fa915847973b6955c7a670d) Importer(815301076,1909f56bfc062723c751e8b465ee728b)  -> (artifact id: '08cbb11484bdb7eca8ed95fef2f44b17') in 0.011584 seconds 
========================================================================
Received Import Request.
  Time since last request: 0.000380 seconds.
  path: Assets/Oculus/Oculus Hands/Animations/r_hand_fist_anim.fbx
  artifactKey: Guid(005ab0ae8aa7f74438a5fa50f7cd50e3) Importer(815301076,1909f56bfc062723c751e8b465ee728b)
Start importing Assets/Oculus/Oculus Hands/Animations/r_hand_fist_anim.fbx using Guid(005ab0ae8aa7f74438a5fa50f7cd50e3) Importer(815301076,1909f56bfc062723c751e8b465ee728b)  -> (artifact id: 'e0551777d0fb589d2415c3a8a28e3030') in 0.011238 seconds 
========================================================================
Received Import Request.
  Time since last request: 0.000289 seconds.
  path: Assets/Oculus/Oculus Hands/Animations/l_hand_pinch_anim.fbx
  artifactKey: Guid(a91ff20f7450bf446a6bf0bfb5e932ae) Importer(815301076,1909f56bfc062723c751e8b465ee728b)
Start importing Assets/Oculus/Oculus Hands/Animations/l_hand_pinch_anim.fbx using Guid(a91ff20f7450bf446a6bf0bfb5e932ae) Importer(815301076,1909f56bfc062723c751e8b465ee728b)  -> (artifact id: 'd2ca607713859a574ce11c8bf7598c4d') in 0.011938 seconds 
========================================================================
Received Import Request.
  Time since last request: 0.528812 seconds.
  path: Assets/Oculus/Oculus Hands/Prefabs/Left Hand Model.prefab
  artifactKey: Guid(65847589f926b734d9eaed6e25f0046b) Importer(815301076,1909f56bfc062723c751e8b465ee728b)
Start importing Assets/Oculus/Oculus Hands/Prefabs/Left Hand Model.prefab using Guid(65847589f926b734d9eaed6e25f0046b) Importer(815301076,1909f56bfc062723c751e8b465ee728b)  -> (artifact id: '1ddd931220ac1b7067fc2ca5248a8c80') in 0.919464 seconds 
========================================================================
Received Import Request.
  Time since last request: 0.000242 seconds.
  path: Assets/Oculus/Oculus Hands/Prefabs/Right Hand Model.prefab
  artifactKey: Guid(1fd3a7c43c8190f4d8c167ebde694364) Importer(815301076,1909f56bfc062723c751e8b465ee728b)
Start importing Assets/Oculus/Oculus Hands/Prefabs/Right Hand Model.prefab using Guid(1fd3a7c43c8190f4d8c167ebde694364) Importer(815301076,1909f56bfc062723c751e8b465ee728b)  -> (artifact id: '22ba279dcd07ec4e64ab7cbd0d597177') in 0.022628 seconds 
========================================================================
Received Prepare
Registering precompiled user dll's ...
Registered in 0.005110 seconds.
Begin MonoManager ReloadAssembly
Native extension for WindowsStandalone target not found
Refreshing native plugins compatible for Editor in 0.93 ms, found 10 plugins.
Preloading 2 native plugins for Editor in 0.17 ms.
Mono: successfully reloaded assembly
- Completed reload, in  1.382 seconds
Platform modules already initialized, skipping
Switching render pipeline 00000000000000000000000000000000 -> 418f90cd7f193d244a5db74e3c718eb5
Shader 'Universal Render Pipeline/Particles/Lit': fallback shader 'Universal Render Pipeline/Particles/SimpleLit' not found
Refreshing native plugins compatible for Editor in 0.79 ms, found 10 plugins.
Preloading 2 native plugins for Editor in 0.13 ms.
Unloading 3044 Unused Serialized files (Serialized files now loaded: 0)
System memory in use before: 152.0 MB.
System memory in use after: 152.2 MB.

Unloading 12 unused Assets to reduce memory usage. Loaded Objects now: 3691.
Total: 3.977600 ms (FindLiveObjects: 0.506800 ms CreateObjectMapping: 0.299000 ms MarkObjects: 2.816800 ms  DeleteObjects: 0.353200 ms)

